0 info it worked if it ends with ok
1 verbose cli [ 'node', '/usr/bin/npm', 'run', 'coffee' ]
2 info using npm@1.3.26
3 info using node@v0.10.25
4 verbose node symlink /usr/bin/node
5 verbose run-script [ 'precoffee', 'coffee', 'postcoffee' ]
6 info precoffee meteo38.ru@0.2.0
7 info coffee meteo38.ru@0.2.0
8 verbose unsafe-perm in lifecycle true
9 info meteo38.ru@0.2.0 Failed to exec coffee script
10 error meteo38.ru@0.2.0 coffee: `coffee -cw .`
10 error Exit status 1
11 error Failed at the meteo38.ru@0.2.0 coffee script.
11 error This is most likely a problem with the meteo38.ru package,
11 error not with npm itself.
11 error Tell the author that this fails on your system:
11 error     coffee -cw .
11 error You can get their info via:
11 error     npm owner ls meteo38.ru
11 error There is likely additional logging output above.
12 error System Linux 3.11.0-15-generic
13 error command "node" "/usr/bin/npm" "run" "coffee"
14 error cwd /home/maxp/wrk/meteo38
15 error node -v v0.10.25
16 error npm -v 1.3.26
17 error code ELIFECYCLE
18 verbose exit [ 1, true ]
